2015-07-23 20:20:04,808 INFO  [Log] **************************************************************************************** 
2015-07-23 20:20:04,808 INFO  [Log] **************************************************************************************** 
2015-07-23 20:20:04,808 INFO  [Log] $$$$$$$$$$$$$$$$$$$$$                 Login_01       $$$$$$$$$$$$$$$$$$$$$$$$$ 
2015-07-23 20:20:04,809 INFO  [Log] **************************************************************************************** 
2015-07-23 20:20:04,809 INFO  [Log] **************************************************************************************** 
2015-07-23 20:20:04,820 INFO  [Log] **************************************************************************************** 
2015-07-23 20:20:04,820 INFO  [Log] **************************************************************************************** 
2015-07-23 20:20:04,820 INFO  [Log] $$$$$$$$$$$$$$$$$$$$$                 Login_01       $$$$$$$$$$$$$$$$$$$$$$$$$ 
2015-07-23 20:20:04,820 INFO  [Log] **************************************************************************************** 
2015-07-23 20:20:04,820 INFO  [Log] **************************************************************************************** 
2015-07-23 20:20:04,820 INFO  [Log] Opening Chrome 
2015-07-23 20:20:38,574 INFO  [Log] Navigate to base url 
2015-07-23 20:20:50,051 INFO  [Log] Clicking btn_MyAccount 
2015-07-23 20:20:53,706 INFO  [Log] Clicking btn_Login 
2015-07-23 20:21:03,792 INFO  [Log] Clicking btn_Logout 
2015-07-23 20:21:03,898 INFO  [Log] XXXXXXXXXXXXXXXXXXXXXXX             -E---N---D-             XXXXXXXXXXXXXXXXXXXXXX 
2015-07-23 20:21:03,914 INFO  [Log] X 
2015-07-23 20:21:03,914 INFO  [Log] X 
2015-07-23 20:21:03,914 INFO  [Log] X 
2015-07-23 20:21:03,914 INFO  [Log] X 
2015-07-23 20:21:03,914 INFO  [Log] **************************************************************************************** 
2015-07-23 20:21:03,914 INFO  [Log] **************************************************************************************** 
2015-07-23 20:21:03,914 INFO  [Log] $$$$$$$$$$$$$$$$$$$$$                 Login_02       $$$$$$$$$$$$$$$$$$$$$$$$$ 
2015-07-23 20:21:03,915 INFO  [Log] **************************************************************************************** 
2015-07-23 20:21:03,915 INFO  [Log] **************************************************************************************** 
2015-07-23 20:21:03,915 INFO  [Log] **************************************************************************************** 
2015-07-23 20:21:03,915 INFO  [Log] **************************************************************************************** 
2015-07-23 20:21:03,915 INFO  [Log] $$$$$$$$$$$$$$$$$$$$$                 Login_02       $$$$$$$$$$$$$$$$$$$$$$$$$ 
2015-07-23 20:21:03,915 INFO  [Log] **************************************************************************************** 
2015-07-23 20:21:03,915 INFO  [Log] **************************************************************************************** 
2015-07-23 20:21:03,915 INFO  [Log] Opening Firefox 
2015-07-23 20:21:20,436 INFO  [Log] Navigate to base url 
2015-07-23 20:21:27,919 INFO  [Log] Clicking btn_MyAccount 
2015-07-23 20:21:37,118 INFO  [Log] Clicking btn_Login 
2015-07-23 20:21:47,494 INFO  [Log] Clicking btn_Logout 
2015-07-23 20:24:45,976 INFO  [Log] **************************************************************************************** 
2015-07-23 20:24:45,996 INFO  [Log] **************************************************************************************** 
2015-07-23 20:24:45,997 INFO  [Log] $$$$$$$$$$$$$$$$$$$$$                 Login_01       $$$$$$$$$$$$$$$$$$$$$$$$$ 
2015-07-23 20:24:45,997 INFO  [Log] **************************************************************************************** 
2015-07-23 20:24:45,997 INFO  [Log] **************************************************************************************** 
2015-07-23 20:24:45,998 INFO  [Log] **************************************************************************************** 
2015-07-23 20:24:45,998 INFO  [Log] **************************************************************************************** 
2015-07-23 20:24:46,017 INFO  [Log] $$$$$$$$$$$$$$$$$$$$$                 Login_01       $$$$$$$$$$$$$$$$$$$$$$$$$ 
2015-07-23 20:24:46,017 INFO  [Log] **************************************************************************************** 
2015-07-23 20:24:46,017 INFO  [Log] **************************************************************************************** 
2015-07-23 20:24:46,017 INFO  [Log] Opening Chrome 
2015-07-23 20:24:53,926 INFO  [Log] Navigate to base url 
2015-07-23 20:25:01,742 INFO  [Log] Clicking btn_MyAccount 
2015-07-23 20:25:04,601 INFO  [Log] Clicking btn_Login 
2015-07-23 20:25:14,739 INFO  [Log] Clicking btn_Logout 
2015-07-23 20:25:14,814 INFO  [Log] XXXXXXXXXXXXXXXXXXXXXXX             -E---N---D-             XXXXXXXXXXXXXXXXXXXXXX 
2015-07-23 20:25:14,814 INFO  [Log] X 
2015-07-23 20:25:14,814 INFO  [Log] X 
2015-07-23 20:25:14,814 INFO  [Log] X 
2015-07-23 20:25:14,814 INFO  [Log] X 
2015-07-23 20:25:14,814 INFO  [Log] **************************************************************************************** 
2015-07-23 20:25:14,814 INFO  [Log] **************************************************************************************** 
2015-07-23 20:25:14,814 INFO  [Log] $$$$$$$$$$$$$$$$$$$$$                 Login_02       $$$$$$$$$$$$$$$$$$$$$$$$$ 
2015-07-23 20:25:14,815 INFO  [Log] **************************************************************************************** 
2015-07-23 20:25:14,815 INFO  [Log] **************************************************************************************** 
2015-07-23 20:25:14,815 INFO  [Log] **************************************************************************************** 
2015-07-23 20:25:14,815 INFO  [Log] **************************************************************************************** 
2015-07-23 20:25:14,815 INFO  [Log] $$$$$$$$$$$$$$$$$$$$$                 Login_02       $$$$$$$$$$$$$$$$$$$$$$$$$ 
2015-07-23 20:25:14,815 INFO  [Log] **************************************************************************************** 
2015-07-23 20:25:14,815 INFO  [Log] **************************************************************************************** 
2015-07-23 20:25:14,815 INFO  [Log] Opening Firefox 
2015-07-23 20:25:27,819 INFO  [Log] Navigate to base url 
2015-07-23 20:25:39,725 INFO  [Log] Clicking btn_MyAccount 
2015-07-23 20:25:44,322 INFO  [Log] Clicking btn_Login 
2015-07-23 20:25:54,580 INFO  [Log] Clicking btn_Logout 
2015-07-23 20:25:54,729 INFO  [Log] Closing All Browser 
2015-07-23 20:37:03,022 INFO  [Log] **************************************************************************************** 
2015-07-23 20:37:03,042 INFO  [Log] **************************************************************************************** 
2015-07-23 20:37:03,042 INFO  [Log] $$$$$$$$$$$$$$$$$$$$$                 Login_01       $$$$$$$$$$$$$$$$$$$$$$$$$ 
2015-07-23 20:37:03,042 INFO  [Log] **************************************************************************************** 
2015-07-23 20:37:03,043 INFO  [Log] **************************************************************************************** 
2015-07-23 20:37:03,043 INFO  [Log] **************************************************************************************** 
2015-07-23 20:37:03,043 INFO  [Log] **************************************************************************************** 
2015-07-23 20:37:03,043 INFO  [Log] $$$$$$$$$$$$$$$$$$$$$                 Login_01       $$$$$$$$$$$$$$$$$$$$$$$$$ 
2015-07-23 20:37:03,043 INFO  [Log] **************************************************************************************** 
2015-07-23 20:37:03,043 INFO  [Log] **************************************************************************************** 
2015-07-23 20:37:03,043 INFO  [Log] Opening Chrome 
2015-07-23 20:37:31,686 INFO  [Log] Navigate to base url 
2015-07-23 20:37:40,419 INFO  [Log] Clicking btn_MyAccount 
2015-07-23 20:37:43,820 INFO  [Log] Clicking btn_Login 
2015-07-23 20:37:53,941 INFO  [Log] Clicking btn_Logout 
2015-07-23 20:37:54,038 INFO  [Log] XXXXXXXXXXXXXXXXXXXXXXX             -E---N---D-             XXXXXXXXXXXXXXXXXXXXXX 
2015-07-23 20:37:54,038 INFO  [Log] X 
2015-07-23 20:37:54,038 INFO  [Log] X 
2015-07-23 20:37:54,038 INFO  [Log] X 
2015-07-23 20:37:54,038 INFO  [Log] X 
2015-07-23 20:37:54,038 INFO  [Log] **************************************************************************************** 
2015-07-23 20:37:54,038 INFO  [Log] **************************************************************************************** 
2015-07-23 20:37:54,038 INFO  [Log] $$$$$$$$$$$$$$$$$$$$$                 Login_02       $$$$$$$$$$$$$$$$$$$$$$$$$ 
2015-07-23 20:37:54,038 INFO  [Log] **************************************************************************************** 
2015-07-23 20:37:54,039 INFO  [Log] **************************************************************************************** 
2015-07-23 20:37:54,039 INFO  [Log] **************************************************************************************** 
2015-07-23 20:37:54,039 INFO  [Log] **************************************************************************************** 
2015-07-23 20:37:54,039 INFO  [Log] $$$$$$$$$$$$$$$$$$$$$                 Login_02       $$$$$$$$$$$$$$$$$$$$$$$$$ 
2015-07-23 20:37:54,039 INFO  [Log] **************************************************************************************** 
2015-07-23 20:37:54,039 INFO  [Log] **************************************************************************************** 
2015-07-23 20:37:54,039 INFO  [Log] Opening Firefox 
2015-07-23 20:38:19,959 INFO  [Log] Navigate to base url 
2015-07-23 20:38:28,951 INFO  [Log] Clicking btn_MyAccount 
2015-07-23 20:38:32,845 INFO  [Log] Clicking btn_Login 
2015-07-23 20:38:43,037 INFO  [Log] Clicking btn_Logout 
2015-07-23 20:38:43,315 INFO  [Log] Closing Browser Firefox 
2015-07-23 20:43:48,779 INFO  [Log] **************************************************************************************** 
2015-07-23 20:43:48,806 INFO  [Log] **************************************************************************************** 
2015-07-23 20:43:48,806 INFO  [Log] $$$$$$$$$$$$$$$$$$$$$                 Login_01       $$$$$$$$$$$$$$$$$$$$$$$$$ 
2015-07-23 20:43:48,806 INFO  [Log] **************************************************************************************** 
2015-07-23 20:43:48,806 INFO  [Log] **************************************************************************************** 
2015-07-23 20:43:48,807 INFO  [Log] TestCase Runmode is set to No 
2015-07-23 20:43:48,807 INFO  [Log] **************************************************************************************** 
2015-07-23 20:43:48,807 INFO  [Log] **************************************************************************************** 
2015-07-23 20:43:48,807 INFO  [Log] $$$$$$$$$$$$$$$$$$$$$                 Login_02       $$$$$$$$$$$$$$$$$$$$$$$$$ 
2015-07-23 20:43:48,807 INFO  [Log] **************************************************************************************** 
2015-07-23 20:43:48,807 INFO  [Log] **************************************************************************************** 
2015-07-23 20:43:48,809 INFO  [Log] **************************************************************************************** 
2015-07-23 20:43:48,809 INFO  [Log] **************************************************************************************** 
2015-07-23 20:43:48,809 INFO  [Log] $$$$$$$$$$$$$$$$$$$$$                 Login_02       $$$$$$$$$$$$$$$$$$$$$$$$$ 
2015-07-23 20:43:48,809 INFO  [Log] **************************************************************************************** 
2015-07-23 20:43:48,809 INFO  [Log] **************************************************************************************** 
2015-07-23 20:43:48,809 INFO  [Log] Opening Firefox 
2015-07-23 20:44:07,702 INFO  [Log] Navigate to base url 
2015-07-23 20:44:21,643 INFO  [Log] Clicking btn_MyAccount 
2015-07-23 20:44:28,982 INFO  [Log] Clicking btn_Login 
2015-07-23 20:44:39,204 INFO  [Log] Clicking btn_Logout 
2015-07-23 20:44:39,398 INFO  [Log] Closing All Browser 
2015-07-23 20:55:23,442 INFO  [Log] XXXXXXXXXXXXXXXXXXXXXXX             -E---N---D-             XXXXXXXXXXXXXXXXXXXXXX 
2015-07-23 20:55:23,469 INFO  [Log] X 
2015-07-23 20:55:23,469 INFO  [Log] X 
2015-07-23 20:55:23,469 INFO  [Log] X 
2015-07-23 20:55:23,469 INFO  [Log] X 
